
> staticwebsite@0.0.0 dev
> vite --host


  VITE v7.2.2  ready in 282 ms

  ➜  Local:   http://localhost:5173/
  ➜  Network: http://172.31.7.222:5173/

> staticwebsite@0.0.0 dev
> vite --host

Port 5173 is in use, trying another one...

  VITE v7.2.2  ready in 264 ms

  ➜  Local:   http://localhost:5174/
  ➜  Network: http://172.31.7.222:5174/

> staticwebsite@0.0.0 dev
> vite --host

Port 5173 is in use, trying another one...
Port 5174 is in use, trying another one...

  VITE v7.2.2  ready in 271 ms

  ➜  Local:   http://localhost:5175/
  ➜  Network: http://172.31.7.222:5175/

> staticwebsite@0.0.0 dev
> vite --host

Port 5173 is in use, trying another one...

  VITE v7.2.2  ready in 272 ms

  ➜  Local:   http://localhost:5174/
  ➜  Network: http://172.31.7.222:5174/

> staticwebsite@0.0.0 dev
> vite --host

Port 5173 is in use, trying another one...

  VITE v7.2.2  ready in 274 ms

  ➜  Local:   http://localhost:5174/
  ➜  Network: http://172.31.7.222:5174/
